<?xml version="1.0" encoding="UTF-8"?>
<!-- Generated by org.testng.reporters.JUnitXMLReporter -->
<testsuite ignored="0" hostname="Dobby" failures="0" tests="3" name="Default test-2" time="89.822" errors="0" timestamp="2025-11-18T12:25:40 EST">
  <testcase classname="com.AutomationTalks.demoProject1.TestClass1" name="Test1" time="3.928"/>
  <testcase classname="com.AutomationTalks.demoProject1.TestClass1" name="Test2" time="4.385"/>
  <testcase classname="com.AutomationTalks.demoProject1.TestClass1" name="Test3" time="3.73"/>
</testsuite> <!-- Default test-2 -->
