<?xml version="1.0" encoding="UTF-8"?>
<!-- Generated by org.testng.reporters.JUnitXMLReporter -->
<testsuite ignored="0" hostname="Dobby" failures="0" tests="3" name="Default test" time="96.953" errors="0" timestamp="2025-11-18T11:54:26 EST">
  <testcase classname="com.AutomationTalks.demoProject1.TestClass1" name="Test1" time="5.618"/>
  <testcase classname="com.AutomationTalks.demoProject1.TestClass1" name="Test2" time="7.17"/>
  <testcase classname="com.AutomationTalks.demoProject1.TestClass1" name="Test3" time="6.13"/>
</testsuite> <!-- Default test -->
