<?xml version="1.0" encoding="UTF-8"?>
<!-- Generated by org.testng.reporters.JUnitXMLReporter -->
<testsuite ignored="0" hostname="Dobby" failures="0" tests="3" name="Default test" time="17.597" errors="0" timestamp="2025-11-17T11:37:27 EST">
  <testcase classname="com.AutomationTalks.demoProject1.TestClass1" name="Test1" time="5.504"/>
  <testcase classname="com.AutomationTalks.demoProject1.TestClass1" name="Test2" time="4.227"/>
  <testcase classname="com.AutomationTalks.demoProject1.TestClass1" name="Test3" time="3.129"/>
</testsuite> <!-- Default test -->
