<?xml version="1.0" encoding="UTF-8"?>
<!-- Generated by org.testng.reporters.JUnitXMLReporter -->
<testsuite ignored="0" hostname="Dobby" failures="0" tests="3" name="Default test-0" time="67.008" errors="0" timestamp="2025-11-18T12:25:18 EST">
  <testcase classname="com.AutomationTalks.demoProject1.TestClass1" name="Test1" time="8.137"/>
  <testcase classname="com.AutomationTalks.demoProject1.TestClass1" name="Test2" time="4.899"/>
  <testcase classname="com.AutomationTalks.demoProject1.TestClass1" name="Test3" time="4.703"/>
</testsuite> <!-- Default test-0 -->
