<?xml version="1.0" encoding="UTF-8"?>
<!-- Generated by org.testng.reporters.JUnitXMLReporter -->
<testsuite ignored="0" hostname="Dobby" failures="0" tests="3" name="Default test-1" time="75.346" errors="0" timestamp="2025-11-18T12:25:26 EST">
  <testcase classname="com.AutomationTalks.demoProject1.TestClass1" name="Test1" time="10.119"/>
  <testcase classname="com.AutomationTalks.demoProject1.TestClass1" name="Test2" time="4.152"/>
  <testcase classname="com.AutomationTalks.demoProject1.TestClass1" name="Test3" time="5.727"/>
</testsuite> <!-- Default test-1 -->
