<?xml version="1.0" encoding="UTF-8"?>
<!-- Generated by org.testng.reporters.JUnitXMLReporter -->
<testsuite ignored="0" hostname="Dobby" failures="0" tests="3" name="Test" time="13.406" errors="0" timestamp="2025-10-28T12:56:25 EDT">
  <testcase classname="com.AutomationTalks.demoProject1.TestClass1" name="Test1" time="4.285"/>
  <testcase classname="com.AutomationTalks.demoProject1.TestClass1" name="Test2" time="2.531"/>
  <testcase classname="com.AutomationTalks.demoProject1.TestClass1" name="Test3" time="2.337"/>
</testsuite> <!-- Test -->
