<?xml version="1.0" encoding="UTF-8"?>
<!-- Generated by org.testng.reporters.JUnitXMLReporter -->
<testsuite ignored="0" hostname="Dobby" failures="0" tests="3" name="Test" time="14.79" errors="0" timestamp="2025-10-28T13:01:21 EDT">
  <testcase classname="com.AutomationTalks.demoProject1.TestClass1" name="Test1" time="4.247"/>
  <testcase classname="com.AutomationTalks.demoProject1.TestClass1" name="Test2" time="2.912"/>
  <testcase classname="com.AutomationTalks.demoProject1.TestClass1" name="Test3" time="2.779"/>
</testsuite> <!-- Test -->
