<?xml version="1.0" encoding="UTF-8"?>
<testsuite xmlns:xsi="http://www.w3.org/2001/XMLSchema-instance" xsi:noNamespaceSchemaLocation="https://maven.apache.org/surefire/maven-surefire-plugin/xsd/surefire-test-report.xsd" version="3.0.2" name="TestSuite" time="15.341" tests="3" errors="0" skipped="0" failures="0">
  <properties>
[...]
</properties>
  <testcase name="Test1" classname="com.AutomationTalks.demoProject1.TestClass1" time="4.249">
    <system-out><![CDATA[Test 1 Title is AutomationTalks - Learn Automation Testing
]]></system-out>
    <system-err><![CDATA[SLF4J(W): No SLF4J providers were found.
SLF4J(W): Defaulting to no-operation (NOP) logger implementation
SLF4J(W): See https://www.slf4j.org/codes.html#noProviders for further details.
Oct 28, 2025 1:01:08 PM org.openqa.selenium.devtools.CdpVersionFinder findNearestMatch
WARNING: Unable to find an exact match for CDP version 141, returning the closest version; found: 137; Please update to a Selenium version that supports CDP version 141
]]></system-err>
  </testcase>
  <testcase name="Test2" classname="com.AutomationTalks.demoProject1.TestClass1" time="2.91">
    <system-out><![CDATA[Test 2 Title is AutomationTalks - Learn Automation Testing
]]></system-out>
    <system-err><![CDATA[Oct 28, 2025 1:01:14 PM org.openqa.selenium.devtools.CdpVersionFinder findNearestMatch
WARNING: Unable to find an exact match for CDP version 141, returning the closest version; found: 137; Please update to a Selenium version that supports CDP version 141
]]></system-err>
  </testcase>
  <testcase name="Test3" classname="com.AutomationTalks.demoProject1.TestClass1" time="2.781">
    <system-out><![CDATA[Test 3 Title is AutomationTalks - Learn Automation Testing
]]></system-out>
    <system-err><![CDATA[Oct 28, 2025 1:01:18 PM org.openqa.selenium.devtools.CdpVersionFinder findNearestMatch
WARNING: Unable to find an exact match for CDP version 141, returning the closest version; found: 137; Please update to a Selenium version that supports CDP version 141
]]></system-err>
  </testcase>
</testsuite>