<?xml version="1.0" encoding="UTF-8"?>
<testng-results ignored="0" total="3" passed="3" failed="0" skipped="0">
  <reporter-output>
  </reporter-output>
  <suite started-at="2025-10-28T13:01:06 EDT" name="Suite" finished-at="2025-10-28T13:01:21 EDT" duration-ms="14790">
    <groups>
    </groups>
    <test started-at="2025-10-28T13:01:06 EDT" name="Test" finished-at="2025-10-28T13:01:21 EDT" duration-ms="14790">
      <class name="com.AutomationTalks.demoProject1.TestClass1">
        <test-method is-config="true" signature="launchDriver()[pri:0, instance:com.AutomationTalks.demoProject1.TestClass1@49dc7102]" started-at="2025-10-28T13:01:06 EDT" name="launchDriver" finished-at="2025-10-28T13:01:08 EDT" duration-ms="1836" status="PASS">
          <reporter-output>
          </reporter-output>
        </test-method> <!-- launchDriver -->
        <test-method signature="Test1()[pri:0, instance:com.AutomationTalks.demoProject1.TestClass1@49dc7102]" started-at="2025-10-28T13:01:08 EDT" name="Test1" finished-at="2025-10-28T13:01:12 EDT" duration-ms="4247" status="PASS">
          <reporter-output>
          </reporter-output>
        </test-method> <!-- Test1 -->
        <test-method is-config="true" signature="quit()[pri:0, instance:com.AutomationTalks.demoProject1.TestClass1@49dc7102]" started-at="2025-10-28T13:01:12 EDT" name="quit" finished-at="2025-10-28T13:01:12 EDT" duration-ms="247" status="PASS">
          <reporter-output>
          </reporter-output>
        </test-method> <!-- quit -->
        <test-method is-config="true" signature="launchDriver()[pri:0, instance:com.AutomationTalks.demoProject1.TestClass1@49dc7102]" started-at="2025-10-28T13:01:12 EDT" name="launchDriver" finished-at="2025-10-28T13:01:14 EDT" duration-ms="1168" status="PASS">
          <reporter-output>
          </reporter-output>
        </test-method> <!-- launchDriver -->
        <test-method signature="Test2()[pri:0, instance:com.AutomationTalks.demoProject1.TestClass1@49dc7102]" started-at="2025-10-28T13:01:14 EDT" name="Test2" finished-at="2025-10-28T13:01:17 EDT" duration-ms="2912" status="PASS">
          <reporter-output>
          </reporter-output>
        </test-method> <!-- Test2 -->
        <test-method is-config="true" signature="quit()[pri:0, instance:com.AutomationTalks.demoProject1.TestClass1@49dc7102]" started-at="2025-10-28T13:01:17 EDT" name="quit" finished-at="2025-10-28T13:01:17 EDT" duration-ms="253" status="PASS">
          <reporter-output>
          </reporter-output>
        </test-method> <!-- quit -->
        <test-method is-config="true" signature="launchDriver()[pri:0, instance:com.AutomationTalks.demoProject1.TestClass1@49dc7102]" started-at="2025-10-28T13:01:17 EDT" name="launchDriver" finished-at="2025-10-28T13:01:18 EDT" duration-ms="1044" status="PASS">
          <reporter-output>
          </reporter-output>
        </test-method> <!-- launchDriver -->
        <test-method signature="Test3()[pri:0, instance:com.AutomationTalks.demoProject1.TestClass1@49dc7102]" started-at="2025-10-28T13:01:18 EDT" name="Test3" finished-at="2025-10-28T13:01:21 EDT" duration-ms="2779" status="PASS">
          <reporter-output>
          </reporter-output>
        </test-method> <!-- Test3 -->
        <test-method is-config="true" signature="quit()[pri:0, instance:com.AutomationTalks.demoProject1.TestClass1@49dc7102]" started-at="2025-10-28T13:01:21 EDT" name="quit" finished-at="2025-10-28T13:01:21 EDT" duration-ms="241" status="PASS">
          <reporter-output>
          </reporter-output>
        </test-method> <!-- quit -->
      </class> <!-- com.AutomationTalks.demoProject1.TestClass1 -->
    </test> <!-- Test -->
  </suite> <!-- Suite -->
</testng-results>
