<?xml version="1.0" encoding="UTF-8"?>
<testng-results ignored="0" total="9" passed="9" failed="0" skipped="0">
  <reporter-output>
  </reporter-output>
  <suite started-at="2025-11-18T12:24:10 EST" name="Default suite" finished-at="2025-11-18T12:25:40 EST" duration-ms="89822">
    <groups>
    </groups>
    <test started-at="2025-11-18T12:24:10 EST" name="Default test-0" finished-at="2025-11-18T12:25:17 EST" duration-ms="67008">
      <class name="com.AutomationTalks.demoProject1.TestClass1">
        <test-method is-config="true" signature="launchDriver()[pri:0, instance:com.AutomationTalks.demoProject1.TestClass1@44b29496]" started-at="2025-11-18T12:24:10 EST" name="launchDriver" finished-at="2025-11-18T12:24:23 EST" duration-ms="12971" status="PASS">
          <reporter-output>
          </reporter-output>
        </test-method> <!-- launchDriver -->
        <test-method signature="Test1()[pri:0, instance:com.AutomationTalks.demoProject1.TestClass1@44b29496]" started-at="2025-11-18T12:24:24 EST" name="Test1" finished-at="2025-11-18T12:24:32 EST" duration-ms="8137" status="PASS">
          <reporter-output>
          </reporter-output>
        </test-method> <!-- Test1 -->
        <test-method is-config="true" signature="quit()[pri:0, instance:com.AutomationTalks.demoProject1.TestClass1@44b29496]" started-at="2025-11-18T12:24:33 EST" name="quit" finished-at="2025-11-18T12:24:34 EST" duration-ms="1389" status="PASS">
          <reporter-output>
          </reporter-output>
        </test-method> <!-- quit -->
        <test-method is-config="true" signature="launchDriver()[pri:0, instance:com.AutomationTalks.demoProject1.TestClass1@44b29496]" started-at="2025-11-18T12:24:34 EST" name="launchDriver" finished-at="2025-11-18T12:24:45 EST" duration-ms="10932" status="PASS">
          <reporter-output>
          </reporter-output>
        </test-method> <!-- launchDriver -->
        <test-method signature="Test2()[pri:0, instance:com.AutomationTalks.demoProject1.TestClass1@44b29496]" started-at="2025-11-18T12:24:46 EST" name="Test2" finished-at="2025-11-18T12:24:50 EST" duration-ms="4899" status="PASS">
          <reporter-output>
          </reporter-output>
        </test-method> <!-- Test2 -->
        <test-method is-config="true" signature="quit()[pri:0, instance:com.AutomationTalks.demoProject1.TestClass1@44b29496]" started-at="2025-11-18T12:24:51 EST" name="quit" finished-at="2025-11-18T12:24:53 EST" duration-ms="1320" status="PASS">
          <reporter-output>
          </reporter-output>
        </test-method> <!-- quit -->
        <test-method is-config="true" signature="launchDriver()[pri:0, instance:com.AutomationTalks.demoProject1.TestClass1@44b29496]" started-at="2025-11-18T12:24:53 EST" name="launchDriver" finished-at="2025-11-18T12:25:10 EST" duration-ms="16656" status="PASS">
          <reporter-output>
          </reporter-output>
        </test-method> <!-- launchDriver -->
        <test-method signature="Test3()[pri:0, instance:com.AutomationTalks.demoProject1.TestClass1@44b29496]" started-at="2025-11-18T12:25:10 EST" name="Test3" finished-at="2025-11-18T12:25:15 EST" duration-ms="4703" status="PASS">
          <reporter-output>
          </reporter-output>
        </test-method> <!-- Test3 -->
        <test-method is-config="true" signature="quit()[pri:0, instance:com.AutomationTalks.demoProject1.TestClass1@44b29496]" started-at="2025-11-18T12:25:15 EST" name="quit" finished-at="2025-11-18T12:25:17 EST" duration-ms="1526" status="PASS">
          <reporter-output>
          </reporter-output>
        </test-method> <!-- quit -->
      </class> <!-- com.AutomationTalks.demoProject1.TestClass1 -->
    </test> <!-- Default test-0 -->
    <test started-at="2025-11-18T12:24:10 EST" name="Default test-1" finished-at="2025-11-18T12:25:26 EST" duration-ms="75346">
      <class name="com.AutomationTalks.demoProject1.TestClass1">
        <test-method is-config="true" signature="launchDriver()[pri:0, instance:com.AutomationTalks.demoProject1.TestClass1@7132a9dc]" started-at="2025-11-18T12:24:10 EST" name="launchDriver" finished-at="2025-11-18T12:24:24 EST" duration-ms="13254" status="PASS">
          <reporter-output>
          </reporter-output>
        </test-method> <!-- launchDriver -->
        <test-method signature="Test1()[pri:0, instance:com.AutomationTalks.demoProject1.TestClass1@7132a9dc]" started-at="2025-11-18T12:24:24 EST" name="Test1" finished-at="2025-11-18T12:24:34 EST" duration-ms="10119" status="PASS">
          <reporter-output>
          </reporter-output>
        </test-method> <!-- Test1 -->
        <test-method is-config="true" signature="quit()[pri:0, instance:com.AutomationTalks.demoProject1.TestClass1@7132a9dc]" started-at="2025-11-18T12:24:35 EST" name="quit" finished-at="2025-11-18T12:24:36 EST" duration-ms="1089" status="PASS">
          <reporter-output>
          </reporter-output>
        </test-method> <!-- quit -->
        <test-method is-config="true" signature="launchDriver()[pri:0, instance:com.AutomationTalks.demoProject1.TestClass1@7132a9dc]" started-at="2025-11-18T12:24:36 EST" name="launchDriver" finished-at="2025-11-18T12:24:57 EST" duration-ms="21022" status="PASS">
          <reporter-output>
          </reporter-output>
        </test-method> <!-- launchDriver -->
        <test-method signature="Test2()[pri:0, instance:com.AutomationTalks.demoProject1.TestClass1@7132a9dc]" started-at="2025-11-18T12:24:58 EST" name="Test2" finished-at="2025-11-18T12:25:02 EST" duration-ms="4152" status="PASS">
          <reporter-output>
          </reporter-output>
        </test-method> <!-- Test2 -->
        <test-method is-config="true" signature="quit()[pri:0, instance:com.AutomationTalks.demoProject1.TestClass1@7132a9dc]" started-at="2025-11-18T12:25:02 EST" name="quit" finished-at="2025-11-18T12:25:04 EST" duration-ms="1195" status="PASS">
          <reporter-output>
          </reporter-output>
        </test-method> <!-- quit -->
        <test-method is-config="true" signature="launchDriver()[pri:0, instance:com.AutomationTalks.demoProject1.TestClass1@7132a9dc]" started-at="2025-11-18T12:25:04 EST" name="launchDriver" finished-at="2025-11-18T12:25:17 EST" duration-ms="13301" status="PASS">
          <reporter-output>
          </reporter-output>
        </test-method> <!-- launchDriver -->
        <test-method signature="Test3()[pri:0, instance:com.AutomationTalks.demoProject1.TestClass1@7132a9dc]" started-at="2025-11-18T12:25:17 EST" name="Test3" finished-at="2025-11-18T12:25:23 EST" duration-ms="5727" status="PASS">
          <reporter-output>
          </reporter-output>
        </test-method> <!-- Test3 -->
        <test-method is-config="true" signature="quit()[pri:0, instance:com.AutomationTalks.demoProject1.TestClass1@7132a9dc]" started-at="2025-11-18T12:25:24 EST" name="quit" finished-at="2025-11-18T12:25:25 EST" duration-ms="1155" status="PASS">
          <reporter-output>
          </reporter-output>
        </test-method> <!-- quit -->
      </class> <!-- com.AutomationTalks.demoProject1.TestClass1 -->
    </test> <!-- Default test-1 -->
    <test started-at="2025-11-18T12:24:10 EST" name="Default test-2" finished-at="2025-11-18T12:25:40 EST" duration-ms="89822">
      <class name="com.AutomationTalks.demoProject1.TestClass1">
        <test-method is-config="true" signature="launchDriver()[pri:0, instance:com.AutomationTalks.demoProject1.TestClass1@2da66a44]" started-at="2025-11-18T12:24:10 EST" name="launchDriver" finished-at="2025-11-18T12:24:37 EST" duration-ms="26573" status="PASS">
          <reporter-output>
          </reporter-output>
        </test-method> <!-- launchDriver -->
        <test-method signature="Test1()[pri:0, instance:com.AutomationTalks.demoProject1.TestClass1@2da66a44]" started-at="2025-11-18T12:24:37 EST" name="Test1" finished-at="2025-11-18T12:24:41 EST" duration-ms="3928" status="PASS">
          <reporter-output>
          </reporter-output>
        </test-method> <!-- Test1 -->
        <test-method is-config="true" signature="quit()[pri:0, instance:com.AutomationTalks.demoProject1.TestClass1@2da66a44]" started-at="2025-11-18T12:24:42 EST" name="quit" finished-at="2025-11-18T12:24:43 EST" duration-ms="916" status="PASS">
          <reporter-output>
          </reporter-output>
        </test-method> <!-- quit -->
        <test-method is-config="true" signature="launchDriver()[pri:0, instance:com.AutomationTalks.demoProject1.TestClass1@2da66a44]" started-at="2025-11-18T12:24:43 EST" name="launchDriver" finished-at="2025-11-18T12:25:07 EST" duration-ms="23281" status="PASS">
          <reporter-output>
          </reporter-output>
        </test-method> <!-- launchDriver -->
        <test-method signature="Test2()[pri:0, instance:com.AutomationTalks.demoProject1.TestClass1@2da66a44]" started-at="2025-11-18T12:25:07 EST" name="Test2" finished-at="2025-11-18T12:25:11 EST" duration-ms="4385" status="PASS">
          <reporter-output>
          </reporter-output>
        </test-method> <!-- Test2 -->
        <test-method is-config="true" signature="quit()[pri:0, instance:com.AutomationTalks.demoProject1.TestClass1@2da66a44]" started-at="2025-11-18T12:25:12 EST" name="quit" finished-at="2025-11-18T12:25:13 EST" duration-ms="961" status="PASS">
          <reporter-output>
          </reporter-output>
        </test-method> <!-- quit -->
        <test-method is-config="true" signature="launchDriver()[pri:0, instance:com.AutomationTalks.demoProject1.TestClass1@2da66a44]" started-at="2025-11-18T12:25:13 EST" name="launchDriver" finished-at="2025-11-18T12:25:34 EST" duration-ms="20992" status="PASS">
          <reporter-output>
          </reporter-output>
        </test-method> <!-- launchDriver -->
        <test-method signature="Test3()[pri:0, instance:com.AutomationTalks.demoProject1.TestClass1@2da66a44]" started-at="2025-11-18T12:25:34 EST" name="Test3" finished-at="2025-11-18T12:25:38 EST" duration-ms="3730" status="PASS">
          <reporter-output>
          </reporter-output>
        </test-method> <!-- Test3 -->
        <test-method is-config="true" signature="quit()[pri:0, instance:com.AutomationTalks.demoProject1.TestClass1@2da66a44]" started-at="2025-11-18T12:25:39 EST" name="quit" finished-at="2025-11-18T12:25:40 EST" duration-ms="1013" status="PASS">
          <reporter-output>
          </reporter-output>
        </test-method> <!-- quit -->
      </class> <!-- com.AutomationTalks.demoProject1.TestClass1 -->
    </test> <!-- Default test-2 -->
  </suite> <!-- Default suite -->
</testng-results>
