<?xml version="1.0" encoding="UTF-8"?>
<testng-results ignored="0" total="3" passed="3" failed="0" skipped="0">
  <reporter-output>
  </reporter-output>
  <suite started-at="2025-11-17T11:37:10 EST" name="Default suite" finished-at="2025-11-17T11:37:27 EST" duration-ms="17597">
    <groups>
    </groups>
    <test started-at="2025-11-17T11:37:10 EST" name="Default test" finished-at="2025-11-17T11:37:27 EST" duration-ms="17597">
      <class name="com.AutomationTalks.demoProject1.TestClass1">
        <test-method is-config="true" signature="launchDriver()[pri:0, instance:com.AutomationTalks.demoProject1.TestClass1@14cd1699]" started-at="2025-11-17T11:37:10 EST" name="launchDriver" finished-at="2025-11-17T11:37:12 EST" duration-ms="1789" status="PASS">
          <reporter-output>
          </reporter-output>
        </test-method> <!-- launchDriver -->
        <test-method signature="Test1()[pri:0, instance:com.AutomationTalks.demoProject1.TestClass1@14cd1699]" started-at="2025-11-17T11:37:12 EST" name="Test1" finished-at="2025-11-17T11:37:17 EST" duration-ms="5504" status="PASS">
          <reporter-output>
          </reporter-output>
        </test-method> <!-- Test1 -->
        <test-method is-config="true" signature="quit()[pri:0, instance:com.AutomationTalks.demoProject1.TestClass1@14cd1699]" started-at="2025-11-17T11:37:17 EST" name="quit" finished-at="2025-11-17T11:37:17 EST" duration-ms="289" status="PASS">
          <reporter-output>
          </reporter-output>
        </test-method> <!-- quit -->
        <test-method is-config="true" signature="launchDriver()[pri:0, instance:com.AutomationTalks.demoProject1.TestClass1@14cd1699]" started-at="2025-11-17T11:37:17 EST" name="launchDriver" finished-at="2025-11-17T11:37:18 EST" duration-ms="985" status="PASS">
          <reporter-output>
          </reporter-output>
        </test-method> <!-- launchDriver -->
        <test-method signature="Test2()[pri:0, instance:com.AutomationTalks.demoProject1.TestClass1@14cd1699]" started-at="2025-11-17T11:37:18 EST" name="Test2" finished-at="2025-11-17T11:37:23 EST" duration-ms="4227" status="PASS">
          <reporter-output>
          </reporter-output>
        </test-method> <!-- Test2 -->
        <test-method is-config="true" signature="quit()[pri:0, instance:com.AutomationTalks.demoProject1.TestClass1@14cd1699]" started-at="2025-11-17T11:37:23 EST" name="quit" finished-at="2025-11-17T11:37:23 EST" duration-ms="260" status="PASS">
          <reporter-output>
          </reporter-output>
        </test-method> <!-- quit -->
        <test-method is-config="true" signature="launchDriver()[pri:0, instance:com.AutomationTalks.demoProject1.TestClass1@14cd1699]" started-at="2025-11-17T11:37:23 EST" name="launchDriver" finished-at="2025-11-17T11:37:24 EST" duration-ms="1118" status="PASS">
          <reporter-output>
          </reporter-output>
        </test-method> <!-- launchDriver -->
        <test-method signature="Test3()[pri:0, instance:com.AutomationTalks.demoProject1.TestClass1@14cd1699]" started-at="2025-11-17T11:37:24 EST" name="Test3" finished-at="2025-11-17T11:37:27 EST" duration-ms="3129" status="PASS">
          <reporter-output>
          </reporter-output>
        </test-method> <!-- Test3 -->
        <test-method is-config="true" signature="quit()[pri:0, instance:com.AutomationTalks.demoProject1.TestClass1@14cd1699]" started-at="2025-11-17T11:37:27 EST" name="quit" finished-at="2025-11-17T11:37:27 EST" duration-ms="201" status="PASS">
          <reporter-output>
          </reporter-output>
        </test-method> <!-- quit -->
      </class> <!-- com.AutomationTalks.demoProject1.TestClass1 -->
    </test> <!-- Default test -->
  </suite> <!-- Default suite -->
</testng-results>
