<?xml version="1.0" encoding="UTF-8"?>
<!-- Generated by org.testng.reporters.JUnitReportReporter -->
<testsuite hostname="Dobby" failures="0" tests="3" name="com.AutomationTalks.demoProject1.TestClass1" time="17.502" errors="0" timestamp="2025-11-17T11:37:28 EST" skipped="0">
  <testcase classname="com.AutomationTalks.demoProject1.TestClass1" name="Test2" time="5.472"/>
  <testcase classname="com.AutomationTalks.demoProject1.TestClass1" name="Test1" time="7.494"/>
  <testcase classname="com.AutomationTalks.demoProject1.TestClass1" name="Test3" time="4.536"/>
</testsuite> <!-- com.AutomationTalks.demoProject1.TestClass1 -->
