<?xml version="1.0" encoding="UTF-8"?>
<!-- Generated by org.testng.reporters.JUnitReportReporter -->
<testsuite hostname="Dobby" failures="0" tests="9" name="com.AutomationTalks.demoProject1.TestClass1" time="219.326" errors="0" timestamp="2025-11-18T12:25:41 EST" skipped="0">
  <testcase classname="com.AutomationTalks.demoProject1.TestClass1" name="Test3" time="17.161"/>
  <testcase classname="com.AutomationTalks.demoProject1.TestClass1" name="Test2" time="18.561"/>
  <testcase classname="com.AutomationTalks.demoProject1.TestClass1" name="Test2" time="31.919"/>
  <testcase classname="com.AutomationTalks.demoProject1.TestClass1" name="Test1" time="32.230"/>
  <testcase classname="com.AutomationTalks.demoProject1.TestClass1" name="Test3" time="20.223"/>
  <testcase classname="com.AutomationTalks.demoProject1.TestClass1" name="Test2" time="22.944"/>
  <testcase classname="com.AutomationTalks.demoProject1.TestClass1" name="Test1" time="22.428"/>
  <testcase classname="com.AutomationTalks.demoProject1.TestClass1" name="Test1" time="28.222"/>
  <testcase classname="com.AutomationTalks.demoProject1.TestClass1" name="Test3" time="25.638"/>
</testsuite> <!-- com.AutomationTalks.demoProject1.TestClass1 -->
