<?xml version="1.0" encoding="UTF-8"?>
<!-- Generated by org.testng.reporters.JUnitReportReporter -->
<testsuite hostname="Dobby" failures="0" tests="3" name="com.AutomationTalks.demoProject1.TestClass1" time="14.727" errors="0" timestamp="2025-10-28T13:01:21 EDT" skipped="0">
  <testcase classname="com.AutomationTalks.demoProject1.TestClass1" name="Test2" time="5.001"/>
  <testcase classname="com.AutomationTalks.demoProject1.TestClass1" name="Test3" time="4.188"/>
  <testcase classname="com.AutomationTalks.demoProject1.TestClass1" name="Test1" time="5.538"/>
</testsuite> <!-- com.AutomationTalks.demoProject1.TestClass1 -->
